<?xml version="1.0" encoding="UTF-8"?>
<!-- Generated by org.testng.reporters.JUnitXMLReporter -->
<testsuite ignored="1" hostname="Abhigyas-MacBook-Pro.local" failures="0" tests="3" name="Test" time="13.886" errors="0" timestamp="30 Aug 2025 01:36:35 GMT">
  <testcase classname="com.w2a.SeleniumMasterframework.testcases.PlaceOrderTest" name="verifyPlaceOrder" time="5.559"/>
  <testcase classname="com.w2a.SeleniumMasterframework.testcases.SauceLabsLoginTest" name="verifyLoginWithInValidCredentials" time="0.14"/>
  <testcase classname="com.w2a.SeleniumMasterframework.testcases.SauceLabsLoginTest" name="verifyLoginWithValidCredentials" time="0.234"/>
  <testcase classname="com.w2a.SeleniumMasterframework.testsetup.TestSetup" name="@BeforeSuite testSetup" time="0.0">
    <ignored/>
  </testcase> <!-- @BeforeSuite testSetup -->
</testsuite> <!-- Test -->
