<?xml version="1.0" encoding="UTF-8"?>
<!-- Generated by org.testng.reporters.JUnitXMLReporter -->
<testsuite ignored="1" hostname="Abhigyas-MacBook-Pro.local" failures="0" tests="3" name="Test" time="18.041" errors="0" timestamp="2025-08-30T07:16:02 IST">
  <testcase classname="com.w2a.SeleniumMasterframework.testcases.PlaceOrderTest" name="verifyPlaceOrder" time="6.208"/>
  <testcase classname="com.w2a.SeleniumMasterframework.testcases.SauceLabsLoginTest" name="verifyLoginWithInValidCredentials" time="0.182"/>
  <testcase classname="com.w2a.SeleniumMasterframework.testcases.SauceLabsLoginTest" name="verifyLoginWithValidCredentials" time="0.254"/>
  <testcase classname="com.w2a.SeleniumMasterframework.testsetup.TestSetup" name="@BeforeSuite testSetup" time="0.0">
    <ignored/>
  </testcase> <!-- @BeforeSuite testSetup -->
</testsuite> <!-- Test -->
