<?xml version="1.0" encoding="UTF-8"?>
<testng-results ignored="0" total="3" passed="3" failed="0" skipped="0">
  <reporter-output>
  </reporter-output>
  <suite started-at="2025-08-30T07:15:39 IST" name="Suite" finished-at="2025-08-30T07:15:57 IST" duration-ms="18041">
    <groups>
    </groups>
    <test started-at="2025-08-30T07:15:39 IST" name="Test" finished-at="2025-08-30T07:15:57 IST" duration-ms="18041">
      <class name="com.w2a.SeleniumMasterframework.testcases.PlaceOrderTest">
        <test-method is-config="true" signature="testSetup()[pri:0, instance:com.w2a.SeleniumMasterframework.testcases.PlaceOrderTest@13d9cbf5]" started-at="2025-08-30T07:15:39 IST" name="testSetup" finished-at="2025-08-30T07:15:39 IST" duration-ms="82" status="PASS">
          <reporter-output>
          </reporter-output>
        </test-method> <!-- testSetup -->
        <test-method is-config="true" signature="beforeMethod()[pri:0, instance:com.w2a.SeleniumMasterframework.testcases.PlaceOrderTest@13d9cbf5]" started-at="2025-08-30T07:15:39 IST" name="beforeMethod" finished-at="2025-08-30T07:15:45 IST" duration-ms="5757" status="PASS">
          <reporter-output>
          </reporter-output>
        </test-method> <!-- beforeMethod -->
        <test-method signature="verifyPlaceOrder(java.lang.String,java.lang.String,java.lang.String,java.lang.String)[pri:0, instance:com.w2a.SeleniumMasterframework.testcases.PlaceOrderTest@13d9cbf5]" started-at="2025-08-30T07:15:45 IST" name="verifyPlaceOrder" data-provider="data" finished-at="2025-08-30T07:15:51 IST" duration-ms="6208" status="PASS">
          <params>
            <param index="0">
              <value>
                <![CDATA[standard_user]]>
              </value>
            </param>
            <param index="1">
              <value>
                <![CDATA[secret_sauce]]>
              </value>
            </param>
            <param index="2">
              <value>
                <![CDATA[Products]]>
              </value>
            </param>
            <param index="3">
              <value>
                <![CDATA[Sauce Labs Backpack,Sauce Labs Bike Light,Sauce Labs Onesie]]>
              </value>
            </param>
          </params>
          <reporter-output>
          </reporter-output>
        </test-method> <!-- verifyPlaceOrder -->
        <test-method is-config="true" signature="tearDown()[pri:0, instance:com.w2a.SeleniumMasterframework.testcases.PlaceOrderTest@13d9cbf5]" started-at="2025-08-30T07:15:51 IST" name="tearDown" finished-at="2025-08-30T07:15:52 IST" duration-ms="437" status="PASS">
          <reporter-output>
          </reporter-output>
        </test-method> <!-- tearDown -->
      </class> <!-- com.w2a.SeleniumMasterframework.testcases.PlaceOrderTest -->
      <class name="com.w2a.SeleniumMasterframework.testcases.SauceLabsLoginTest">
        <test-method is-config="true" signature="beforeMethod()[pri:0, instance:com.w2a.SeleniumMasterframework.testcases.SauceLabsLoginTest@1b410b60]" started-at="2025-08-30T07:15:52 IST" name="beforeMethod" finished-at="2025-08-30T07:15:54 IST" duration-ms="2227" status="PASS">
          <reporter-output>
          </reporter-output>
        </test-method> <!-- beforeMethod -->
        <test-method signature="verifyLoginWithInValidCredentials(java.lang.String,java.lang.String)[pri:0, instance:com.w2a.SeleniumMasterframework.testcases.SauceLabsLoginTest@1b410b60]" started-at="2025-08-30T07:15:54 IST" name="verifyLoginWithInValidCredentials" data-provider="data" finished-at="2025-08-30T07:15:54 IST" duration-ms="182" status="PASS">
          <params>
            <param index="0">
              <value>
                <![CDATA[ABC]]>
              </value>
            </param>
            <param index="1">
              <value>
                <![CDATA[XYZ]]>
              </value>
            </param>
          </params>
          <reporter-output>
          </reporter-output>
        </test-method> <!-- verifyLoginWithInValidCredentials -->
        <test-method is-config="true" signature="tearDown()[pri:0, instance:com.w2a.SeleniumMasterframework.testcases.SauceLabsLoginTest@1b410b60]" started-at="2025-08-30T07:15:54 IST" name="tearDown" finished-at="2025-08-30T07:15:54 IST" duration-ms="422" status="PASS">
          <reporter-output>
          </reporter-output>
        </test-method> <!-- tearDown -->
        <test-method is-config="true" signature="beforeMethod()[pri:0, instance:com.w2a.SeleniumMasterframework.testcases.SauceLabsLoginTest@1b410b60]" started-at="2025-08-30T07:15:54 IST" name="beforeMethod" finished-at="2025-08-30T07:15:57 IST" duration-ms="2104" status="PASS">
          <reporter-output>
          </reporter-output>
        </test-method> <!-- beforeMethod -->
        <test-method signature="verifyLoginWithValidCredentials(java.lang.String,java.lang.String)[pri:0, instance:com.w2a.SeleniumMasterframework.testcases.SauceLabsLoginTest@1b410b60]" started-at="2025-08-30T07:15:57 IST" name="verifyLoginWithValidCredentials" data-provider="data" finished-at="2025-08-30T07:15:57 IST" duration-ms="254" status="PASS">
          <params>
            <param index="0">
              <value>
                <![CDATA[standard_user]]>
              </value>
            </param>
            <param index="1">
              <value>
                <![CDATA[secret_sauce]]>
              </value>
            </param>
          </params>
          <reporter-output>
          </reporter-output>
        </test-method> <!-- verifyLoginWithValidCredentials -->
        <test-method is-config="true" signature="tearDown()[pri:0, instance:com.w2a.SeleniumMasterframework.testcases.SauceLabsLoginTest@1b410b60]" started-at="2025-08-30T07:15:57 IST" name="tearDown" finished-at="2025-08-30T07:15:57 IST" duration-ms="419" status="PASS">
          <reporter-output>
          </reporter-output>
        </test-method> <!-- tearDown -->
      </class> <!-- com.w2a.SeleniumMasterframework.testcases.SauceLabsLoginTest -->
    </test> <!-- Test -->
  </suite> <!-- Suite -->
</testng-results>
