<?xml version="1.0" encoding="UTF-8"?>
<testng-results ignored="1" total="4" passed="3" failed="0" skipped="0">
  <reporter-output>
  </reporter-output>
  <suite started-at="2025-08-30T01:36:16Z" name="Suite" finished-at="2025-08-30T01:36:29Z" duration-ms="13886">
    <groups>
    </groups>
    <test started-at="2025-08-30T01:36:16Z" name="Test" finished-at="2025-08-30T01:36:29Z" duration-ms="13886">
      <class name="com.w2a.SeleniumMasterframework.testcases.PlaceOrderTest">
        <test-method is-config="true" signature="testSetup()[pri:0, instance:com.w2a.SeleniumMasterframework.testcases.PlaceOrderTest@407a7f2a]" started-at="2025-08-30T07:06:16Z" name="testSetup" finished-at="2025-08-30T07:06:16Z" duration-ms="96" status="PASS">
          <reporter-output>
          </reporter-output>
        </test-method> <!-- testSetup -->
        <test-method is-config="true" signature="beforeMethod()[pri:0, instance:com.w2a.SeleniumMasterframework.testcases.PlaceOrderTest@407a7f2a]" started-at="2025-08-30T07:06:16Z" name="beforeMethod" finished-at="2025-08-30T07:06:18Z" duration-ms="2337" status="PASS">
          <reporter-output>
          </reporter-output>
        </test-method> <!-- beforeMethod -->
        <test-method signature="verifyPlaceOrder(java.lang.String, java.lang.String, java.lang.String, java.lang.String)[pri:0, instance:com.w2a.SeleniumMasterframework.testcases.PlaceOrderTest@407a7f2a]" started-at="2025-08-30T07:06:18Z" name="verifyPlaceOrder" data-provider="data" finished-at="2025-08-30T07:06:24Z" duration-ms="5559" status="PASS">
          <params>
            <param index="0">
              <value>
                <![CDATA[standard_user]]>
              </value>
            </param>
            <param index="1">
              <value>
                <![CDATA[secret_sauce]]>
              </value>
            </param>
            <param index="2">
              <value>
                <![CDATA[Products]]>
              </value>
            </param>
            <param index="3">
              <value>
                <![CDATA[Sauce Labs Backpack,Sauce Labs Bike Light,Sauce Labs Onesie]]>
              </value>
            </param>
          </params>
          <reporter-output>
          </reporter-output>
        </test-method> <!-- verifyPlaceOrder -->
        <test-method is-config="true" signature="tearDown()[pri:0, instance:com.w2a.SeleniumMasterframework.testcases.PlaceOrderTest@407a7f2a]" started-at="2025-08-30T07:06:24Z" name="tearDown" finished-at="2025-08-30T07:06:24Z" duration-ms="440" status="PASS">
          <reporter-output>
          </reporter-output>
        </test-method> <!-- tearDown -->
      </class> <!-- com.w2a.SeleniumMasterframework.testcases.PlaceOrderTest -->
      <class name="com.w2a.SeleniumMasterframework.testcases.SauceLabsLoginTest">
        <test-method is-config="true" signature="beforeMethod()[pri:0, instance:com.w2a.SeleniumMasterframework.testcases.SauceLabsLoginTest@4ea5b703]" started-at="2025-08-30T07:06:24Z" name="beforeMethod" finished-at="2025-08-30T07:06:26Z" duration-ms="2223" status="PASS">
          <reporter-output>
          </reporter-output>
        </test-method> <!-- beforeMethod -->
        <test-method signature="verifyLoginWithInValidCredentials(java.lang.String, java.lang.String)[pri:0, instance:com.w2a.SeleniumMasterframework.testcases.SauceLabsLoginTest@4ea5b703]" started-at="2025-08-30T07:06:26Z" name="verifyLoginWithInValidCredentials" data-provider="data" finished-at="2025-08-30T07:06:26Z" duration-ms="140" status="PASS">
          <params>
            <param index="0">
              <value>
                <![CDATA[ABC]]>
              </value>
            </param>
            <param index="1">
              <value>
                <![CDATA[XYZ]]>
              </value>
            </param>
          </params>
          <reporter-output>
          </reporter-output>
        </test-method> <!-- verifyLoginWithInValidCredentials -->
        <test-method is-config="true" signature="tearDown()[pri:0, instance:com.w2a.SeleniumMasterframework.testcases.SauceLabsLoginTest@4ea5b703]" started-at="2025-08-30T07:06:26Z" name="tearDown" finished-at="2025-08-30T07:06:27Z" duration-ms="402" status="PASS">
          <reporter-output>
          </reporter-output>
        </test-method> <!-- tearDown -->
        <test-method is-config="true" signature="beforeMethod()[pri:0, instance:com.w2a.SeleniumMasterframework.testcases.SauceLabsLoginTest@4ea5b703]" started-at="2025-08-30T07:06:27Z" name="beforeMethod" finished-at="2025-08-30T07:06:29Z" duration-ms="2120" status="PASS">
          <reporter-output>
          </reporter-output>
        </test-method> <!-- beforeMethod -->
        <test-method signature="verifyLoginWithValidCredentials(java.lang.String, java.lang.String)[pri:0, instance:com.w2a.SeleniumMasterframework.testcases.SauceLabsLoginTest@4ea5b703]" started-at="2025-08-30T07:06:29Z" name="verifyLoginWithValidCredentials" data-provider="data" finished-at="2025-08-30T07:06:29Z" duration-ms="234" status="PASS">
          <params>
            <param index="0">
              <value>
                <![CDATA[standard_user]]>
              </value>
            </param>
            <param index="1">
              <value>
                <![CDATA[secret_sauce]]>
              </value>
            </param>
          </params>
          <reporter-output>
          </reporter-output>
        </test-method> <!-- verifyLoginWithValidCredentials -->
        <test-method is-config="true" signature="tearDown()[pri:0, instance:com.w2a.SeleniumMasterframework.testcases.SauceLabsLoginTest@4ea5b703]" started-at="2025-08-30T07:06:29Z" name="tearDown" finished-at="2025-08-30T07:06:29Z" duration-ms="412" status="PASS">
          <reporter-output>
          </reporter-output>
        </test-method> <!-- tearDown -->
      </class> <!-- com.w2a.SeleniumMasterframework.testcases.SauceLabsLoginTest -->
    </test> <!-- Test -->
  </suite> <!-- Suite -->
</testng-results>
